<?xml version="1.0" encoding="UTF-8"?>
<testsuite xmlns:xsi="http://www.w3.org/2001/XMLSchema-instance" xsi:noNamespaceSchemaLocation="https://maven.apache.org/surefire/maven-surefire-plugin/xsd/surefire-test-report-3.0.xsd" version="3.0" name="AppTest" time="0.018" tests="1" errors="0" skipped="0" failures="0">
  <properties>
    <property name="java.specification.version" value="21"/>
    <property name="sun.cpu.isalist" value="amd64"/>
    <property name="sun.jnu.encoding" value="Cp1252"/>
    <property name="java.class.path" value="C:\Users\senms\Downloads\DTDBv1-main\target\test-classes;C:\Users\senms\Downloads\DTDBv1-main\target\classes;C:\Users\senms\.m2\repository\jakarta\xml\bind\jakarta.xml.bind-api\2.3.3\jakarta.xml.bind-api-2.3.3.jar;C:\Users\senms\.m2\repository\jakarta\activation\jakarta.activation-api\1.2.2\jakarta.activation-api-1.2.2.jar;C:\Users\senms\.m2\repository\javax\xml\bind\jaxb-api\2.3.1\jaxb-api-2.3.1.jar;C:\Users\senms\.m2\repository\javax\activation\javax.activation-api\1.2.0\javax.activation-api-1.2.0.jar;C:\Users\senms\.m2\repository\com\sun\xml\bind\jaxb-impl\2.3.4\jaxb-impl-2.3.4.jar;C:\Users\senms\.m2\repository\com\sun\activation\jakarta.activation\1.2.2\jakarta.activation-1.2.2.jar;C:\Users\senms\.m2\repository\junit\junit\3.8.1\junit-3.8.1.jar;C:\Users\senms\.m2\repository\unknown\binary\KGradientPanel\SNAPSHOT\KGradientPanel-SNAPSHOT.jar;C:\Users\senms\.m2\repository\com\toedter\jcalendar\1.4\jcalendar-1.4.jar;C:\Users\senms\.m2\repository\unknown\binary\TimingFramework-0.55\SNAPSHOT\TimingFramework-0.55-SNAPSHOT.jar;C:\Users\senms\.m2\repository\unknown\binary\mysql-connector-java-5.1.23-bin\SNAPSHOT\mysql-connector-java-5.1.23-bin-SNAPSHOT.jar;"/>
    <property name="java.vm.vendor" value="Eclipse Adoptium"/>
    <property name="sun.arch.data.model" value="64"/>
    <property name="user.variant" value=""/>
    <property name="java.vendor.url" value="https://adoptium.net/"/>
    <property name="user.timezone" value="Asia/Saigon"/>
    <property name="os.name" value="Windows 11"/>
    <property name="java.vm.specification.version" value="21"/>
    <property name="sun.java.launcher" value="SUN_STANDARD"/>
    <property name="user.country" value="US"/>
    <property name="sun.boot.library.path" value="C:\Program Files\Eclipse Adoptium\jdk-21.0.7.6-hotspot\bin"/>
    <property name="sun.java.command" value="C:\Users\senms\AppData\Local\Temp\surefire12356281836788674126\surefirebooter-20250602003150260_3.jar C:\Users\senms\AppData\Local\Temp\surefire12356281836788674126 2025-06-02T00-31-50_130-jvmRun1 surefire-20250602003150260_1tmp surefire_0-20250602003150260_2tmp"/>
    <property name="jdk.debug" value="release"/>
    <property name="surefire.test.class.path" value="C:\Users\senms\Downloads\DTDBv1-main\target\test-classes;C:\Users\senms\Downloads\DTDBv1-main\target\classes;C:\Users\senms\.m2\repository\jakarta\xml\bind\jakarta.xml.bind-api\2.3.3\jakarta.xml.bind-api-2.3.3.jar;C:\Users\senms\.m2\repository\jakarta\activation\jakarta.activation-api\1.2.2\jakarta.activation-api-1.2.2.jar;C:\Users\senms\.m2\repository\javax\xml\bind\jaxb-api\2.3.1\jaxb-api-2.3.1.jar;C:\Users\senms\.m2\repository\javax\activation\javax.activation-api\1.2.0\javax.activation-api-1.2.0.jar;C:\Users\senms\.m2\repository\com\sun\xml\bind\jaxb-impl\2.3.4\jaxb-impl-2.3.4.jar;C:\Users\senms\.m2\repository\com\sun\activation\jakarta.activation\1.2.2\jakarta.activation-1.2.2.jar;C:\Users\senms\.m2\repository\junit\junit\3.8.1\junit-3.8.1.jar;C:\Users\senms\.m2\repository\unknown\binary\KGradientPanel\SNAPSHOT\KGradientPanel-SNAPSHOT.jar;C:\Users\senms\.m2\repository\com\toedter\jcalendar\1.4\jcalendar-1.4.jar;C:\Users\senms\.m2\repository\unknown\binary\TimingFramework-0.55\SNAPSHOT\TimingFramework-0.55-SNAPSHOT.jar;C:\Users\senms\.m2\repository\unknown\binary\mysql-connector-java-5.1.23-bin\SNAPSHOT\mysql-connector-java-5.1.23-bin-SNAPSHOT.jar;"/>
    <property name="sun.cpu.endian" value="little"/>
    <property name="user.home" value="C:\Users\senms"/>
    <property name="user.language" value="en"/>
    <property name="java.specification.vendor" value="Oracle Corporation"/>
    <property name="java.version.date" value="2025-04-15"/>
    <property name="java.home" value="C:\Program Files\Eclipse Adoptium\jdk-21.0.7.6-hotspot"/>
    <property name="file.separator" value="\"/>
    <property name="basedir" value="C:\Users\senms\Downloads\DTDBv1-main"/>
    <property name="java.vm.compressedOopsMode" value="Zero based"/>
    <property name="line.separator" value="&#10;"/>
    <property name="java.vm.specification.vendor" value="Oracle Corporation"/>
    <property name="java.specification.name" value="Java Platform API Specification"/>
    <property name="surefire.real.class.path" value="C:\Users\senms\AppData\Local\Temp\surefire12356281836788674126\surefirebooter-20250602003150260_3.jar"/>
    <property name="user.script" value=""/>
    <property name="sun.management.compiler" value="HotSpot 64-Bit Tiered Compilers"/>
    <property name="java.runtime.version" value="21.0.7+6-LTS"/>
    <property name="user.name" value="senms"/>
    <property name="stdout.encoding" value="Cp1252"/>
    <property name="path.separator" value=";"/>
    <property name="os.version" value="10.0"/>
    <property name="java.runtime.name" value="OpenJDK Runtime Environment"/>
    <property name="file.encoding" value="UTF-8"/>
    <property name="java.vm.name" value="OpenJDK 64-Bit Server VM"/>
    <property name="java.vendor.version" value="Temurin-21.0.7+6"/>
    <property name="localRepository" value="C:\Users\senms\.m2\repository"/>
    <property name="java.vendor.url.bug" value="https://github.com/adoptium/adoptium-support/issues"/>
    <property name="java.io.tmpdir" value="C:\Users\senms\AppData\Local\Temp\"/>
    <property name="java.version" value="21.0.7"/>
    <property name="user.dir" value="C:\Users\senms\Downloads\DTDBv1-main"/>
    <property name="os.arch" value="amd64"/>
    <property name="java.vm.specification.name" value="Java Virtual Machine Specification"/>
    <property name="sun.os.patch.level" value=""/>
    <property name="native.encoding" value="Cp1252"/>
    <property name="java.library.path" value="C:\Program Files\Eclipse Adoptium\jdk-21.0.7.6-hotspot\bin;C:\WINDOWS\Sun\Java\bin;C:\WINDOWS\system32;C:\WINDOWS;C:\Program Files\Eclipse Adoptium\jdk-21.0.7.6-hotspot\bin;C:\WINDOWS\system32;C:\WINDOWS;C:\WINDOWS\System32\Wbem;C:\WINDOWS\System32\WindowsPowerShell\v1.0\;C:\WINDOWS\System32\OpenSSH\;C:\Program Files\dotnet\;C:\Program Files (x86)\NVIDIA Corporation\PhysX\Common;C:\Program Files\Git\cmd;C:\Program Files\Microsoft SQL Server\150\Tools\Binn\;C:\Program Files\Microsoft SQL Server\Client SDK\ODBC\170\Tools\Binn\;C:\Program Files (x86)\Windows Kits\10\Windows Performance Toolkit\;C:\Program Files (x86)\Microsoft SQL Server\160\Tools\Binn\;C:\Program Files\Microsoft SQL Server\160\Tools\Binn\;C:\Program Files\Microsoft SQL Server\160\DTS\Binn\;C:\Program Files (x86)\Microsoft SQL Server\160\DTS\Binn\;C:\xampp\php;C:\ProgramData\ComposerSetup\bin;c:\Users\senms\AppData\Local\Programs\cursor\resources\app\bin;C:\laragon\bin\php\php-8.3.16-Win32-vs16-x64;C:\Programs\Apache\maven\bin;C:\Apache\maven\mvn\bin;C:\Program Files (x86)\Yarn\bin\;C:\Program Files\nodejs\;C:\Program Files\Cloudflare\Cloudflare WARP\;C:\Program Files\GitHub CLI\;C:\Users\senms\AppData\Local\Programs\Python\Python313\Scripts\;C:\Users\senms\AppData\Local\Programs\Python\Python313\;C:\Users\senms\AppData\Local\Microsoft\WindowsApps;C:\Users\senms\AppData\Local\Programs\Microsoft VS Code\bin;C:\Users\senms\.dotnet\tools;C:\Users\senms\AppData\Roaming\Composer\vendor\bin;C:\Users\senms\AppData\Local\Programs\cursor\resources\app\bin;C:\Programs\Apache\maven\bin;C:\Apache\maven\mvn\bin;C:\Users\senms\.dotnet\tools;C:\Users\senms\AppData\Local\Yarn\bin;D:\Flutter\flutter_windows_3.29.3-stable\flutter\bin;C:\Users\senms\AppData\Local\Android\Sdk\cmdline-tools\latest\bin;C:\Users\senms\AppData\Roaming\npm;."/>
    <property name="java.vm.info" value="mixed mode, sharing"/>
    <property name="stderr.encoding" value="Cp1252"/>
    <property name="java.vendor" value="Eclipse Adoptium"/>
    <property name="java.vm.version" value="21.0.7+6-LTS"/>
    <property name="sun.io.unicode.encoding" value="UnicodeLittle"/>
    <property name="java.class.version" value="65.0"/>
  </properties>
  <testcase name="testApp" classname="AppTest" time="0.002"/>
</testsuite>